2015-08-24 10:06:32 INFO  ContextLoader:307 - Root WebApplicationContext: initialization started
2015-08-24 10:06:33 DEBUG StandardServletEnvironment:109 - Adding [servletConfigInitParams] PropertySource with lowest search precedence
2015-08-24 10:06:33 DEBUG StandardServletEnvironment:109 - Adding [servletContextInitParams] PropertySource with lowest search precedence
2015-08-24 10:06:33 DEBUG StandardServletEnvironment:109 - Adding [jndiProperties] PropertySource with lowest search precedence
2015-08-24 10:06:33 DEBUG StandardServletEnvironment:109 - Adding [systemProperties] PropertySource with lowest search precedence
2015-08-24 10:06:33 DEBUG StandardServletEnvironment:109 - Adding [systemEnvironment] PropertySource with lowest search precedence
2015-08-24 10:06:33 DEBUG StandardServletEnvironment:126 - Initialized StandardServletEnvironment with PropertySources [servletConfigInitParams,servletContextInitParams,jndiProperties,systemProperties,systemEnvironment]
2015-08-24 10:06:33 DEBUG StandardServletEnvironment:174 - Replacing [servletContextInitParams] PropertySource with [servletContextInitParams]
2015-08-24 10:06:33 INFO  XmlWebApplicationContext:573 - Refreshing Root WebApplicationContext: startup date [Mon Aug 24 10:06:33 EDT 2015]; root of context hierarchy
2015-08-24 10:06:33 DEBUG StandardEnvironment:109 - Adding [systemProperties] PropertySource with lowest search precedence
2015-08-24 10:06:33 DEBUG StandardEnvironment:109 - Adding [systemEnvironment] PropertySource with lowest search precedence
2015-08-24 10:06:33 DEBUG StandardEnvironment:126 - Initialized StandardEnvironment with PropertySources [systemProperties,systemEnvironment]
2015-08-24 10:06:33 INFO  XmlBeanDefinitionReader:317 - Loading XML bean definitions from ServletContext resource [/WEB-INF/mvc-dispatcher-servlet.xml]
2015-08-24 10:06:33 DEBUG DefaultDocumentLoader:73 - Using JAXP provider [com.sun.org.apache.xerces.internal.jaxp.DocumentBuilderFactoryImpl]
2015-08-24 10:06:33 DEBUG PluggableSchemaResolver:141 - Loading schema mappings from [META-INF/spring.schemas]
2015-08-24 10:06:33 DEBUG PluggableSchemaResolver:147 - Loaded schema mappings: {http://www.springframework.org/schema/tx/spring-tx-2.5.xsd=org/springframework/transaction/config/spring-tx-2.5.xsd, http://www.springframework.org/schema/cache/spring-cache-4.2.xsd=org/springframework/cache/config/spring-cache-4.2.xsd, http://www.springframework.org/schema/aop/spring-aop-4.1.xsd=org/springframework/aop/config/spring-aop-4.1.xsd, http://www.springframework.org/schema/context/spring-context-3.1.xsd=org/springframework/context/config/spring-context-3.1.xsd, http://www.springframework.org/schema/jdbc/spring-jdbc-4.1.xsd=org/springframework/jdbc/config/spring-jdbc-4.1.xsd, http://www.springframework.org/schema/mvc/spring-mvc-4.1.xsd=org/springframework/web/servlet/config/spring-mvc-4.1.xsd, http://www.springframework.org/schema/util/spring-util-3.0.xsd=org/springframework/beans/factory/xml/spring-util-3.0.xsd, http://www.springframework.org/schema/tool/spring-tool.xsd=org/springframework/beans/factory/xml/spring-tool-4.2.xsd, http://www.springframework.org/schema/aop/spring-aop-3.2.xsd=org/springframework/aop/config/spring-aop-3.2.xsd, http://www.springframework.org/schema/lang/spring-lang-4.1.xsd=org/springframework/scripting/config/spring-lang-4.1.xsd, http://www.springframework.org/schema/context/spring-context-4.0.xsd=org/springframework/context/config/spring-context-4.0.xsd, http://www.springframework.org/schema/mvc/spring-mvc-3.2.xsd=org/springframework/web/servlet/config/spring-mvc-3.2.xsd, http://www.springframework.org/schema/beans/spring-beans-4.2.xsd=org/springframework/beans/factory/xml/spring-beans-4.2.xsd, http://www.springframework.org/schema/tool/spring-tool-4.1.xsd=org/springframework/beans/factory/xml/spring-tool-4.1.xsd, http://www.springframework.org/schema/lang/spring-lang-3.2.xsd=org/springframework/scripting/config/spring-lang-3.2.xsd, http://www.springframework.org/schema/cache/spring-cache-3.2.xsd=org/springframework/cache/config/spring-cache-3.2.xsd, http://www.springframework.org/schema/jee/spring-jee-4.1.xsd=org/springframework/ejb/config/spring-jee-4.1.xsd, http://www.springframework.org/schema/jdbc/spring-jdbc-3.1.xsd=org/springframework/jdbc/config/spring-jdbc-3.1.xsd, http://www.springframework.org/schema/util/spring-util-2.0.xsd=org/springframework/beans/factory/xml/spring-util-2.0.xsd, http://www.springframework.org/schema/task/spring-task-4.2.xsd=org/springframework/scheduling/config/spring-task-4.2.xsd, http://www.springframework.org/schema/tool/spring-tool-3.2.xsd=org/springframework/beans/factory/xml/spring-tool-3.2.xsd, http://www.springframework.org/schema/context/spring-context.xsd=org/springframework/context/config/spring-context-4.2.xsd, http://www.springframework.org/schema/cache/spring-cache-4.1.xsd=org/springframework/cache/config/spring-cache-4.1.xsd, http://www.springframework.org/schema/aop/spring-aop-4.0.xsd=org/springframework/aop/config/spring-aop-4.0.xsd, http://www.springframework.org/schema/jee/spring-jee-3.2.xsd=org/springframework/ejb/config/spring-jee-3.2.xsd, http://www.springframework.org/schema/context/spring-context-3.0.xsd=org/springframework/context/config/spring-context-3.0.xsd, http://www.springframework.org/schema/jdbc/spring-jdbc-4.0.xsd=org/springframework/jdbc/config/spring-jdbc-4.0.xsd, http://www.springframework.org/schema/mvc/spring-mvc-4.0.xsd=org/springframework/web/servlet/config/spring-mvc-4.0.xsd, http://www.springframework.org/schema/util/spring-util-2.5.xsd=org/springframework/beans/factory/xml/spring-util-2.5.xsd, http://www.springframework.org/schema/beans/spring-beans-3.2.xsd=org/springframework/beans/factory/xml/spring-beans-3.2.xsd, http://www.springframework.org/schema/aop/spring-aop-3.1.xsd=org/springframework/aop/config/spring-aop-3.1.xsd, http://www.springframework.org/schema/lang/spring-lang-4.0.xsd=org/springframework/scripting/config/spring-lang-4.0.xsd, http://www.springframework.org/schema/mvc/spring-mvc.xsd=org/springframework/web/servlet/config/spring-mvc-4.2.xsd, http://www.springframework.org/schema/mvc/spring-mvc-3.1.xsd=org/springframework/web/servlet/config/spring-mvc-3.1.xsd, http://www.springframework.org/schema/beans/spring-beans-4.1.xsd=org/springframework/beans/factory/xml/spring-beans-4.1.xsd, http://www.springframework.org/schema/tool/spring-tool-4.0.xsd=org/springframework/beans/factory/xml/spring-tool-4.0.xsd, http://www.springframework.org/schema/tx/spring-tx-3.2.xsd=org/springframework/transaction/config/spring-tx-3.2.xsd, http://www.springframework.org/schema/lang/spring-lang-3.1.xsd=org/springframework/scripting/config/spring-lang-3.1.xsd, http://www.springframework.org/schema/cache/spring-cache-3.1.xsd=org/springframework/cache/config/spring-cache-3.1.xsd, http://www.springframework.org/schema/jee/spring-jee-4.0.xsd=org/springframework/ejb/config/spring-jee-4.0.xsd, http://www.springframework.org/schema/jdbc/spring-jdbc-3.0.xsd=org/springframework/jdbc/config/spring-jdbc-3.0.xsd, http://www.springframework.org/schema/task/spring-task-4.1.xsd=org/springframework/scheduling/config/spring-task-4.1.xsd, http://www.springframework.org/schema/jdbc/spring-jdbc.xsd=org/springframework/jdbc/config/spring-jdbc-4.2.xsd, http://www.springframework.org/schema/tool/spring-tool-3.1.xsd=org/springframework/beans/factory/xml/spring-tool-3.1.xsd, http://www.springframework.org/schema/tx/spring-tx-4.1.xsd=org/springframework/transaction/config/spring-tx-4.1.xsd, http://www.springframework.org/schema/cache/spring-cache-4.0.xsd=org/springframework/cache/config/spring-cache-4.0.xsd, http://www.springframework.org/schema/jee/spring-jee-3.1.xsd=org/springframework/ejb/config/spring-jee-3.1.xsd, http://www.springframework.org/schema/task/spring-task-3.2.xsd=org/springframework/scheduling/config/spring-task-3.2.xsd, http://www.springframework.org/schema/util/spring-util-4.2.xsd=org/springframework/beans/factory/xml/spring-util-4.2.xsd, http://www.springframework.org/schema/beans/spring-beans-3.1.xsd=org/springframework/beans/factory/xml/spring-beans-3.1.xsd, http://www.springframework.org/schema/util/spring-util.xsd=org/springframework/beans/factory/xml/spring-util-4.2.xsd, http://www.springframework.org/schema/aop/spring-aop-3.0.xsd=org/springframework/aop/config/spring-aop-3.0.xsd, http://www.springframework.org/schema/mvc/spring-mvc-3.0.xsd=org/springframework/web/servlet/config/spring-mvc-3.0.xsd, http://www.springframework.org/schema/beans/spring-beans-4.0.xsd=org/springframework/beans/factory/xml/spring-beans-4.0.xsd, http://www.springframework.org/schema/beans/spring-beans.xsd=org/springframework/beans/factory/xml/spring-beans-4.2.xsd, http://www.springframework.org/schema/tx/spring-tx-3.1.xsd=org/springframework/transaction/config/spring-tx-3.1.xsd, http://www.springframework.org/schema/lang/spring-lang-3.0.xsd=org/springframework/scripting/config/spring-lang-3.0.xsd, http://www.springframework.org/schema/context/spring-context-2.5.xsd=org/springframework/context/config/spring-context-2.5.xsd, http://www.springframework.org/schema/task/spring-task-4.0.xsd=org/springframework/scheduling/config/spring-task-4.0.xsd, http://www.springframework.org/schema/tool/spring-tool-3.0.xsd=org/springframework/beans/factory/xml/spring-tool-3.0.xsd, http://www.springframework.org/schema/tx/spring-tx-4.0.xsd=org/springframework/transaction/config/spring-tx-4.0.xsd, http://www.springframework.org/schema/aop/spring-aop-2.0.xsd=org/springframework/aop/config/spring-aop-2.0.xsd, http://www.springframework.org/schema/jee/spring-jee-3.0.xsd=org/springframework/ejb/config/spring-jee-3.0.xsd, http://www.springframework.org/schema/util/spring-util-4.1.xsd=org/springframework/beans/factory/xml/spring-util-4.1.xsd, http://www.springframework.org/schema/task/spring-task-3.1.xsd=org/springframework/scheduling/config/spring-task-3.1.xsd, http://www.springframework.org/schema/beans/spring-beans-3.0.xsd=org/springframework/beans/factory/xml/spring-beans-3.0.xsd, http://www.springframework.org/schema/jee/spring-jee.xsd=org/springframework/ejb/config/spring-jee-4.2.xsd, http://www.springframework.org/schema/aop/spring-aop-2.5.xsd=org/springframework/aop/config/spring-aop-2.5.xsd, http://www.springframework.org/schema/lang/spring-lang-2.0.xsd=org/springframework/scripting/config/spring-lang-2.0.xsd, http://www.springframework.org/schema/util/spring-util-3.2.xsd=org/springframework/beans/factory/xml/spring-util-3.2.xsd, http://www.springframework.org/schema/task/spring-task.xsd=org/springframework/scheduling/config/spring-task-4.2.xsd, http://www.springframework.org/schema/tool/spring-tool-2.0.xsd=org/springframework/beans/factory/xml/spring-tool-2.0.xsd, http://www.springframework.org/schema/tx/spring-tx-3.0.xsd=org/springframework/transaction/config/spring-tx-3.0.xsd, http://www.springframework.org/schema/lang/spring-lang-2.5.xsd=org/springframework/scripting/config/spring-lang-2.5.xsd, http://www.springframework.org/schema/context/spring-context-4.2.xsd=org/springframework/context/config/spring-context-4.2.xsd, http://www.springframework.org/schema/jee/spring-jee-2.0.xsd=org/springframework/ejb/config/spring-jee-2.0.xsd, http://www.springframework.org/schema/tool/spring-tool-2.5.xsd=org/springframework/beans/factory/xml/spring-tool-2.5.xsd, http://www.springframework.org/schema/jee/spring-jee-2.5.xsd=org/springframework/ejb/config/spring-jee-2.5.xsd, http://www.springframework.org/schema/util/spring-util-4.0.xsd=org/springframework/beans/factory/xml/spring-util-4.0.xsd, http://www.springframework.org/schema/task/spring-task-3.0.xsd=org/springframework/scheduling/config/spring-task-3.0.xsd, http://www.springframework.org/schema/lang/spring-lang.xsd=org/springframework/scripting/config/spring-lang-4.2.xsd, http://www.springframework.org/schema/context/spring-context-3.2.xsd=org/springframework/context/config/spring-context-3.2.xsd, http://www.springframework.org/schema/jdbc/spring-jdbc-4.2.xsd=org/springframework/jdbc/config/spring-jdbc-4.2.xsd, http://www.springframework.org/schema/mvc/spring-mvc-4.2.xsd=org/springframework/web/servlet/config/spring-mvc-4.2.xsd, http://www.springframework.org/schema/util/spring-util-3.1.xsd=org/springframework/beans/factory/xml/spring-util-3.1.xsd, http://www.springframework.org/schema/beans/spring-beans-2.0.xsd=org/springframework/beans/factory/xml/spring-beans-2.0.xsd, http://www.springframework.org/schema/cache/spring-cache.xsd=org/springframework/cache/config/spring-cache-4.2.xsd, http://www.springframework.org/schema/tx/spring-tx.xsd=org/springframework/transaction/config/spring-tx-4.1.xsd, http://www.springframework.org/schema/lang/spring-lang-4.2.xsd=org/springframework/scripting/config/spring-lang-4.2.xsd, http://www.springframework.org/schema/context/spring-context-4.1.xsd=org/springframework/context/config/spring-context-4.1.xsd, http://www.springframework.org/schema/beans/spring-beans-2.5.xsd=org/springframework/beans/factory/xml/spring-beans-2.5.xsd, http://www.springframework.org/schema/tool/spring-tool-4.2.xsd=org/springframework/beans/factory/xml/spring-tool-4.2.xsd, http://www.springframework.org/schema/tx/spring-tx-2.0.xsd=org/springframework/transaction/config/spring-tx-2.0.xsd, http://www.springframework.org/schema/jee/spring-jee-4.2.xsd=org/springframework/ejb/config/spring-jee-4.2.xsd, http://www.springframework.org/schema/jdbc/spring-jdbc-3.2.xsd=org/springframework/jdbc/config/spring-jdbc-3.2.xsd, http://www.springframework.org/schema/aop/spring-aop.xsd=org/springframework/aop/config/spring-aop-4.1.xsd}
2015-08-24 10:06:33 DEBUG PluggableSchemaResolver:119 - Found XML schema [http://www.springframework.org/schema/beans/spring-beans.xsd] in classpath: org/springframework/beans/factory/xml/spring-beans-4.2.xsd
2015-08-24 10:06:33 DEBUG PluggableSchemaResolver:119 - Found XML schema [http://www.springframework.org/schema/jee/spring-jee-3.2.xsd] in classpath: org/springframework/ejb/config/spring-jee-3.2.xsd
2015-08-24 10:06:33 DEBUG PluggableSchemaResolver:119 - Found XML schema [http://www.springframework.org/schema/tool/spring-tool-3.2.xsd] in classpath: org/springframework/beans/factory/xml/spring-tool-3.2.xsd
2015-08-24 10:06:33 DEBUG PluggableSchemaResolver:119 - Found XML schema [http://www.springframework.org/schema/tx/spring-tx-2.5.xsd] in classpath: org/springframework/transaction/config/spring-tx-2.5.xsd
2015-08-24 10:06:33 DEBUG DefaultBeanDefinitionDocumentReader:92 - Loading bean definitions
2015-08-24 10:06:33 DEBUG BeanDefinitionParserDelegate:481 - Neither XML 'id' nor 'name' specified - using generated bean name [bluemix.controller.BaseController#0]
2015-08-24 10:06:33 DEBUG BeanDefinitionParserDelegate:481 - Neither XML 'id' nor 'name' specified - using generated bean name [org.springframework.web.servlet.view.InternalResourceViewResolver#0]
2015-08-24 10:06:33 DEBUG DefaultNamespaceHandlerResolver:157 - Loaded NamespaceHandler mappings: {http://www.springframework.org/schema/p=org.springframework.beans.factory.xml.SimplePropertyNamespaceHandler, http://www.springframework.org/schema/mvc=org.springframework.web.servlet.config.MvcNamespaceHandler, http://www.springframework.org/schema/util=org.springframework.beans.factory.xml.UtilNamespaceHandler, http://www.springframework.org/schema/jee=org.springframework.ejb.config.JeeNamespaceHandler, http://www.springframework.org/schema/aop=org.springframework.aop.config.AopNamespaceHandler, http://www.springframework.org/schema/jdbc=org.springframework.jdbc.config.JdbcNamespaceHandler, http://www.springframework.org/schema/cache=org.springframework.cache.config.CacheNamespaceHandler, http://www.springframework.org/schema/c=org.springframework.beans.factory.xml.SimpleConstructorNamespaceHandler, http://www.springframework.org/schema/tx=org.springframework.transaction.config.TxNamespaceHandler, http://www.springframework.org/schema/task=org.springframework.scheduling.config.TaskNamespaceHandler, http://www.springframework.org/schema/lang=org.springframework.scripting.config.LangNamespaceHandler, http://www.springframework.org/schema/context=org.springframework.context.config.ContextNamespaceHandler}
2015-08-24 10:06:33 DEBUG BeanDefinitionParserDelegate:451 - No XML 'id' specified - using 'accountService' as bean name and [] as aliases
2015-08-24 10:06:33 DEBUG XmlBeanDefinitionReader:224 - Loaded 11 bean definitions from location pattern [/WEB-INF/mvc-dispatcher-servlet.xml]
2015-08-24 10:06:33 DEBUG XmlWebApplicationContext:607 - Bean factory for Root WebApplicationContext: org.springframework.beans.factory.support.DefaultListableBeanFactory@209af33a: defining beans [bluemix.controller.BaseController#0,org.springframework.web.servlet.view.InternalResourceViewResolver#0,ca_dataSource,accountService,entityManagerFactory,org.springframework.transaction.config.internalTransactionalEventListenerFactory,org.springframework.aop.config.internalAutoProxyCreator,org.springframework.transaction.annotation.AnnotationTransactionAttributeSource#0,org.springframework.transaction.interceptor.TransactionInterceptor#0,org.springframework.transaction.config.internalTransactionAdvisor,transactionManager]; root of factory hierarchy
2015-08-24 10:06:33 DEBUG DefaultListableBeanFactory:873 - Registering scope 'request' with implementation [org.springframework.web.context.request.RequestScope@1afd1d6a]
2015-08-24 10:06:33 DEBUG DefaultListableBeanFactory:873 - Registering scope 'session' with implementation [org.springframework.web.context.request.SessionScope@7c3aa90a]
2015-08-24 10:06:33 DEBUG DefaultListableBeanFactory:873 - Registering scope 'globalSession' with implementation [org.springframework.web.context.request.SessionScope@6f300f3d]
2015-08-24 10:06:33 DEBUG DefaultListableBeanFactory:873 - Registering scope 'application' with implementation [org.springframework.web.context.support.ServletContextScope@6a4c5149]
2015-08-24 10:06:33 DEBUG DefaultListableBeanFactory:221 - Creating shared instance of singleton bean 'org.springframework.aop.config.internalAutoProxyCreator'
2015-08-24 10:06:33 DEBUG DefaultListableBeanFactory:448 - Creating instance of bean 'org.springframework.aop.config.internalAutoProxyCreator'
2015-08-24 10:06:33 DEBUG DefaultListableBeanFactory:529 - Eagerly caching bean 'org.springframework.aop.config.internalAutoProxyCreator' to allow for resolving potential circular references
2015-08-24 10:06:33 DEBUG DefaultListableBeanFactory:484 - Finished creating instance of bean 'org.springframework.aop.config.internalAutoProxyCreator'
2015-08-24 10:06:33 DEBUG XmlWebApplicationContext:713 - Unable to locate MessageSource with name 'messageSource': using default [org.springframework.context.support.DelegatingMessageSource@4048affb]
2015-08-24 10:06:33 DEBUG XmlWebApplicationContext:737 - Unable to locate ApplicationEventMulticaster with name 'applicationEventMulticaster': using default [org.springframework.context.event.SimpleApplicationEventMulticaster@6a46dad]
2015-08-24 10:06:33 DEBUG UiApplicationContextUtils:85 - Unable to locate ThemeSource with name 'themeSource': using default [org.springframework.ui.context.support.ResourceBundleThemeSource@437149a3]
2015-08-24 10:06:33 DEBUG DefaultListableBeanFactory:221 - Creating shared instance of singleton bean 'entityManagerFactory'
2015-08-24 10:06:33 DEBUG DefaultListableBeanFactory:448 - Creating instance of bean 'entityManagerFactory'
2015-08-24 10:06:34 DEBUG DefaultListableBeanFactory:529 - Eagerly caching bean 'entityManagerFactory' to allow for resolving potential circular references
2015-08-24 10:06:34 DEBUG DefaultListableBeanFactory:221 - Creating shared instance of singleton bean 'ca_dataSource'
2015-08-24 10:06:34 DEBUG DefaultListableBeanFactory:448 - Creating instance of bean 'ca_dataSource'
2015-08-24 10:06:34 DEBUG DefaultListableBeanFactory:529 - Eagerly caching bean 'ca_dataSource' to allow for resolving potential circular references
2015-08-24 10:06:34 DEBUG DefaultListableBeanFactory:1620 - Invoking afterPropertiesSet() on bean with name 'ca_dataSource'
2015-08-24 10:06:34 DEBUG JndiTemplate:150 - Looking up JNDI object with name [java:comp/env/jdbc/cust_acctDS]
2015-08-24 10:06:34 DEBUG JndiObjectFactoryBean:111 - Located object with JNDI name [java:comp/env/jdbc/cust_acctDS]
2015-08-24 10:06:34 DEBUG DefaultListableBeanFactory:221 - Creating shared instance of singleton bean 'org.springframework.transaction.config.internalTransactionAdvisor'
2015-08-24 10:06:34 DEBUG DefaultListableBeanFactory:448 - Creating instance of bean 'org.springframework.transaction.config.internalTransactionAdvisor'
2015-08-24 10:06:34 DEBUG DefaultListableBeanFactory:529 - Eagerly caching bean 'org.springframework.transaction.config.internalTransactionAdvisor' to allow for resolving potential circular references
2015-08-24 10:06:34 DEBUG DefaultListableBeanFactory:221 - Creating shared instance of singleton bean 'org.springframework.transaction.annotation.AnnotationTransactionAttributeSource#0'
2015-08-24 10:06:34 DEBUG DefaultListableBeanFactory:448 - Creating instance of bean 'org.springframework.transaction.annotation.AnnotationTransactionAttributeSource#0'
2015-08-24 10:06:34 DEBUG DefaultListableBeanFactory:529 - Eagerly caching bean 'org.springframework.transaction.annotation.AnnotationTransactionAttributeSource#0' to allow for resolving potential circular references
2015-08-24 10:06:34 DEBUG BeanFactoryAdvisorRetrievalHelper:87 - Skipping currently created advisor 'org.springframework.transaction.config.internalTransactionAdvisor'
2015-08-24 10:06:34 DEBUG DefaultListableBeanFactory:484 - Finished creating instance of bean 'org.springframework.transaction.annotation.AnnotationTransactionAttributeSource#0'
2015-08-24 10:06:34 DEBUG DefaultListableBeanFactory:484 - Finished creating instance of bean 'org.springframework.transaction.config.internalTransactionAdvisor'
2015-08-24 10:06:34 DEBUG DefaultListableBeanFactory:484 - Finished creating instance of bean 'ca_dataSource'
2015-08-24 10:06:34 DEBUG DefaultListableBeanFactory:250 - Returning cached instance of singleton bean 'org.springframework.transaction.config.internalTransactionAdvisor'
2015-08-24 10:06:34 DEBUG DefaultListableBeanFactory:1620 - Invoking afterPropertiesSet() on bean with name 'entityManagerFactory'
2015-08-24 10:06:34 INFO  PersistenceUnitReader:207 - persistence.xml should be located inside META-INF directory; cannot determine persistence unit root URL for class path resource [persistence.xml]
2015-08-24 10:06:34 DEBUG logging:55 - Logging Provider: org.jboss.logging.Log4jLoggerProvider
2015-08-24 10:06:34 INFO  LocalContainerEntityManagerFactoryBean:339 - Building JPA container EntityManagerFactory for persistence unit 'bluemix-springmvc'
2015-08-24 10:06:34 WARN  HibernatePersistence:58 - HHH015016: Encountered a deprecated javax.persistence.spi.PersistenceProvider [org.hibernate.ejb.HibernatePersistence]; use [org.hibernate.jpa.HibernatePersistenceProvider] instead.
2015-08-24 10:06:34 DEBUG LogHelper:117 - PersistenceUnitInfo [
	name: bluemix-springmvc
	persistence provider classname: org.hibernate.ejb.HibernatePersistence
	classloader: WebappClassLoader
  context: bluemix-springmvc
  delegate: false
----------> Parent Classloader:
java.net.URLClassLoader@57830ec7

	excludeUnlistedClasses: false
	JTA datasource: org.apache.tomcat.dbcp.dbcp2.BasicDataSource@86bbd56
	Non JTA datasource: org.apache.tomcat.dbcp.dbcp2.BasicDataSource@86bbd56
	Transaction type: RESOURCE_LOCAL
	PU root URL: file:/C:/apache-tomcat-8.0.24/webapps/bluemix-springmvc/WEB-INF/classes/
	Shared Cache Mode: UNSPECIFIED
	Validation Mode: AUTO
	Jar files URLs []
	Managed classes names [
		myjpa.CustomerAcct]
	Mapping files names []
	Properties [
		hibernate.dialect: org.hibernate.dialect.DerbyDialect
		hibernate.show_sql: true
		hibernate.format_sql: true
		hibernate.hbm2ddl.auto: update]
2015-08-24 10:06:34 DEBUG IntegratorServiceImpl:63 - Adding Integrator [org.hibernate.cfg.beanvalidation.BeanValidationIntegrator].
2015-08-24 10:06:34 DEBUG IntegratorServiceImpl:63 - Adding Integrator [org.hibernate.secure.spi.JaccIntegrator].
2015-08-24 10:06:34 DEBUG IntegratorServiceImpl:63 - Adding Integrator [org.hibernate.cache.internal.CollectionCacheInvalidator].
2015-08-24 10:06:34 DEBUG IntegratorServiceImpl:63 - Adding Integrator [org.hibernate.jpa.event.spi.JpaIntegrator].
2015-08-24 10:06:34 DEBUG StrategySelectorImpl:79 - Registering named strategy selector [org.hibernate.dialect.Dialect] : [MySQL5] -> [org.hibernate.dialect.MySQL5Dialect] (replacing [org.hibernate.dialect.MySQL5Dialect])
2015-08-24 10:06:34 DEBUG StrategySelectorImpl:79 - Registering named strategy selector [org.hibernate.dialect.Dialect] : [MySQL5InnoDB] -> [org.hibernate.dialect.MySQL5InnoDBDialect] (replacing [org.hibernate.dialect.MySQL5InnoDBDialect])
2015-08-24 10:06:34 INFO  Version:54 - HHH000412: Hibernate Core {4.3.11.Final}
2015-08-24 10:06:34 INFO  Environment:239 - HHH000206: hibernate.properties not found
2015-08-24 10:06:34 INFO  Environment:346 - HHH000021: Bytecode provider name : javassist
